\BOOKMARK [0][-]{chapter*.7}{\376\377\000L\036\334\000I\000\040\000N\000\323\000I\000\040\001\020\036\246\000U}{}% 1
\BOOKMARK [0][-]{chapter.1}{\376\377\000G\000i\036\333\000i\000\040\000t\000h\000i\036\307\000u\000\040\000b\000\340\000i\000\040\000t\000o\000\341\000n}{}% 2
\BOOKMARK [1][-]{section.1.1}{\376\377\001\020\036\267\000t\000\040\000v\036\245\000n\000\040\001\021\036\301}{chapter.1}% 3
\BOOKMARK [1][-]{section.1.2}{\376\377\000M\036\345\000c\000\040\000t\000i\000\352\000u\000\040\000c\036\347\000a\000\040\001\021\036\301\000\040\000t\000\340\000i}{chapter.1}% 4
\BOOKMARK [1][-]{section.1.3}{\376\377\001\020\036\321\000i\000\040\000t\001\260\036\343\000n\000g\000\040\000v\000\340\000\040\000p\000h\036\241\000m\000\040\000v\000i\000\040\000n\000g\000h\000i\000\352\000n\000\040\000c\036\351\000u}{chapter.1}% 5
\BOOKMARK [1][-]{section.1.4}{\376\377\000P\000h\001\260\001\241\000n\000g\000\040\000p\000h\000\341\000p\000\040\000t\000h\036\361\000c\000\040\000h\000i\036\307\000n}{chapter.1}% 6
\BOOKMARK [1][-]{section.1.5}{\376\377\000B\036\321\000\040\000c\036\345\000c\000\040\000b\000\341\000o\000\040\000c\000\341\000o}{chapter.1}% 7
\BOOKMARK [0][-]{chapter.2}{\376\377\000C\001\241\000\040\000s\036\337\000\040\000l\000\375\000\040\000t\000h\000u\000y\036\277\000t}{}% 8
\BOOKMARK [1][-]{section.2.1}{\376\377\000B\000\340\000i\000\040\000t\000o\000\341\000n\000\040\000d\036\361\000\040\000b\000\341\000o\000\040\001\021\000i\036\307\000n\000\040\000n\001\003\000n\000g\000\040\000h\036\331\000\040\000g\000i\000a\000\040\001\021\000\354\000n\000h}{chapter.2}% 9
\BOOKMARK [1][-]{section.2.2}{\376\377\000L\000o\000g\000i\000c\000\040\000m\036\335}{chapter.2}% 10
\BOOKMARK [2][-]{subsection.2.2.1}{\376\377\000H\000\340\000m\000\040\000t\000h\000u\036\331\000c}{section.2.2}% 11
\BOOKMARK [2][-]{subsection.2.2.2}{\376\377\000L\000u\036\255\000t\000\040\000m\036\335}{section.2.2}% 12
\BOOKMARK [1][-]{section.2.3}{\376\377\000M\036\241\000n\000g\000\040\000n\001\241\000-\000r\000o\000n\000\040\000n\000h\000\342\000n\000\040\000t\036\241\000o}{chapter.2}% 13
\BOOKMARK [1][-]{section.2.4}{\376\377\000H\036\307\000\040\000s\000u\000y\000\040\000d\000i\036\305\000n\000\040\000N\000e\000u\000r\000o\000-\000F\000u\000z\000z\000y\000\040\000t\000h\000\355\000c\000h\000\040\000n\000g\000h\000i\000\040\000A\000N\000F\000I\000S}{chapter.2}% 14
\BOOKMARK [1][-]{section.2.5}{\376\377\000T\000h\000i\036\277\000t\000\040\000k\036\277\000\040\000m\000\364\000\040\000h\000\354\000n\000h\000\040\000A\000N\000F\000I\000S\000\040\000c\000h\000o\000\040\000b\000\340\000i\000\040\000t\000o\000\341\000n\000\040\000d\036\361\000\040\000b\000\341\000o\000\040\001\021\000i\036\307\000n\000\040\000n\001\003\000n\000g\000\040\000t\000i\000\352\000u\000\040\000t\000h\036\345\000\040\000h\036\331\000\040\000g\000i\000a\000\040\001\021\000\354\000n\000h}{chapter.2}% 15
\BOOKMARK [2][-]{subsection.2.5.1}{\376\377\000L\036\333\000p\000\040\0001\000:\000\040\000M\036\335\000\040\000h\000\363\000a}{section.2.5}% 16
\BOOKMARK [2][-]{subsection.2.5.2}{\376\377\000L\036\333\000p\000\040\0002\000:\000\040\000L\036\333\000p\000\040\000l\000u\036\255\000t}{section.2.5}% 17
\BOOKMARK [2][-]{subsection.2.5.3}{\376\377\000L\036\333\000p\000\040\0003\000:\000\040\000C\000h\000u\036\251\000n\000\040\000h\000\363\000a}{section.2.5}% 18
\BOOKMARK [2][-]{subsection.2.5.4}{\376\377\000L\036\333\000p\000\040\0004\000:\000\040\000H\036\307\000\040\000q\000u\036\243\000\040\000S\000u\000g\000e\000n\000o}{section.2.5}% 19
\BOOKMARK [2][-]{subsection.2.5.5}{\376\377\000L\036\333\000p\000\040\0005\000:\000\040\000T\036\325\000n\000g\000\040\000h\036\343\000p\000\040\001\021\036\247\000u\000\040\000r\000a}{section.2.5}% 20
\BOOKMARK [1][-]{section.2.6}{\376\377\000C\000\341\000c\000\040\001\021\036\331\000\040\001\021\000o\000\040\001\021\000\341\000n\000h\000\040\000g\000i\000\341}{chapter.2}% 21
\BOOKMARK [2][-]{subsection.2.6.1}{\376\377\000M\000A\000E}{section.2.6}% 22
\BOOKMARK [2][-]{subsection.2.6.2}{\376\377\000M\000S\000E\000\040\000v\000\340\000\040\000R\000M\000S\000E}{section.2.6}% 23
\BOOKMARK [2][-]{subsection.2.6.3}{\376\377\000M\000A\000P\000E}{section.2.6}% 24
\BOOKMARK [2][-]{subsection.2.6.4}{\376\377\000H\036\307\000\040\000s\036\321\000\040\000x\000\341\000c\000\040\001\021\036\313\000n\000h\000\040\000R\0002}{section.2.6}% 25
\BOOKMARK [0][-]{chapter.3}{\376\377\000D\036\357\000\040\000l\000i\036\307\000u\000\040\000v\000\340\000\040\000t\000i\036\301\000n\000\040\000x\036\355\000\040\000l\000\375\000\040\000d\036\357\000\040\000l\000i\036\307\000u}{}% 26
\BOOKMARK [1][-]{section.3.1}{\376\377\000N\000g\000u\036\323\000n\000\040\000d\036\357\000\040\000l\000i\036\307\000u}{chapter.3}% 27
\BOOKMARK [1][-]{section.3.2}{\376\377\000T\000h\000\364\000n\000g\000\040\000t\000i\000n\000\040\000n\000g\001\260\036\335\000i\000\040\000d\000\371\000n\000g\000\040\000c\000u\000n\000g\000\040\000c\036\245\000p}{chapter.3}% 28
\BOOKMARK [1][-]{section.3.3}{\376\377\000T\000h\000i\036\277\000t\000\040\000k\036\277\000\040\000d\036\357\000\040\000l\000i\036\307\000u\000\040\000t\000h\000i\036\277\000t\000\040\000b\036\313}{chapter.3}% 29
\BOOKMARK [1][-]{section.3.4}{\376\377\000D\036\357\000\040\000l\000i\036\307\000u\000\040\000t\000h\036\335\000i\000\040\000g\000i\000a\000n\000,\000\040\000v\036\313\000\040\000t\000r\000\355\000\040\000v\000\340\000\040\000k\000h\000\355\000\040\000t\001\260\036\343\000n\000g}{chapter.3}% 30
\BOOKMARK [1][-]{section.3.5}{\376\377\000B\036\331\000\040\000d\036\357\000\040\000l\000i\036\307\000u\000\040\000h\000u\036\245\000n\000\040\000l\000u\000y\036\307\000n\000\040\001\021\036\301\000\040\000x\000u\036\245\000t}{chapter.3}% 31
\BOOKMARK [1][-]{section.3.6}{\376\377\000T\000i\036\301\000n\000\040\000x\036\355\000\040\000l\000\375\000\040\000d\036\357\000\040\000l\000i\036\307\000u}{chapter.3}% 32
\BOOKMARK [1][-]{section.3.7}{\376\377\000C\000h\000u\036\251\000n\000\040\000h\000\363\000a\000\040\000d\036\357\000\040\000l\000i\036\307\000u}{chapter.3}% 33
\BOOKMARK [0][-]{chapter.4}{\376\377\000X\000\342\000y\000\040\000d\036\361\000n\000g\000\040\000m\000\364\000\040\000h\000\354\000n\000h\000\040\000A\000N\000F\000I\000S}{}% 34
\BOOKMARK [1][-]{section.4.1}{\376\377\000M\000\364\000\040\000h\000\354\000n\000h\000\040\000t\036\325\000n\000g\000\040\000q\000u\000\341\000t}{chapter.4}% 35
\BOOKMARK [1][-]{section.4.2}{\376\377\000L\036\361\000a\000\040\000c\000h\036\315\000n\000\040\000b\000i\036\277\000n\000\040\001\021\036\247\000u\000\040\000v\000\340\000o}{chapter.4}% 36
\BOOKMARK [1][-]{section.4.3}{\376\377\000T\000h\000i\036\277\000t\000\040\000k\036\277\000\040\000t\036\255\000p\000\040\000m\036\335}{chapter.4}% 37
\BOOKMARK [1][-]{section.4.4}{\376\377\000S\000i\000n\000h\000\040\000l\000u\036\255\000t\000\040\000m\036\335}{chapter.4}% 38
\BOOKMARK [2][-]{subsection.4.4.1}{\376\377\000S\000i\000n\000h\000\040\000l\000u\036\255\000t\000\040\000t\000h\000e\000o\000\040\000t\036\325\000\040\000h\036\343\000p\000\040\001\021\036\247\000y\000\040\001\021\036\347}{section.4.4}% 39
\BOOKMARK [2][-]{subsection.4.4.2}{\376\377\000S\000i\000n\000h\000\040\000l\000u\036\255\000t\000\040\000b\036\261\000n\000g\000\040\000p\000h\000\342\000n\000\040\000c\036\345\000m}{section.4.4}% 40
\BOOKMARK [1][-]{section.4.5}{\376\377\000C\036\245\000u\000\040\000t\000r\000\372\000c\000\040\000A\000N\000F\000I\000S\000\040\001\021\036\301\000\040\000x\000u\036\245\000t}{chapter.4}% 41
\BOOKMARK [1][-]{section.4.6}{\376\377\000H\000\340\000m\000\040\000m\036\245\000t\000\040\000m\000\341\000t\000\040\000v\000\340\000\040\000h\000u\036\245\000n\000\040\000l\000u\000y\036\307\000n}{chapter.4}% 42
\BOOKMARK [1][-]{section.4.7}{\376\377\000Q\000u\000y\000\040\000t\000r\000\354\000n\000h\000\040\000s\000u\000y\000\040\000d\000i\036\305\000n\000\040\000d\036\361\000\040\000b\000\341\000o}{chapter.4}% 43
\BOOKMARK [1][-]{section.4.8}{\376\377\000G\000i\036\243\000i\000\040\000t\000h\000\355\000c\000h\000\040\000k\036\277\000t\000\040\000q\000u\036\243\000\040\000d\036\361\000\040\000b\000\341\000o}{chapter.4}% 44
\BOOKMARK [0][-]{chapter.5}{\376\377\000T\000h\036\361\000c\000\040\000n\000g\000h\000i\036\307\000m\000\040\000v\000\340\000\040\001\021\000\341\000n\000h\000\040\000g\000i\000\341\000\040\000m\000\364\000\040\000h\000\354\000n\000h}{}% 45
\BOOKMARK [1][-]{section.5.1}{\376\377\000M\036\345\000c\000\040\000t\000i\000\352\000u\000\040\000t\000h\036\361\000c\000\040\000n\000g\000h\000i\036\307\000m}{chapter.5}% 46
\BOOKMARK [1][-]{section.5.2}{\376\377\000T\000h\000i\036\277\000t\000\040\000l\036\255\000p\000\040\000t\000h\036\361\000c\000\040\000n\000g\000h\000i\036\307\000m}{chapter.5}% 47
\BOOKMARK [1][-]{section.5.3}{\376\377\000C\000\341\000c\000\040\000m\000\364\000\040\000h\000\354\000n\000h\000\040\000s\000o\000\040\000s\000\341\000n\000h}{chapter.5}% 48
\BOOKMARK [1][-]{section.5.4}{\376\377\000K\036\313\000c\000h\000\040\000b\036\243\000n\000\040\000t\000h\036\361\000c\000\040\000n\000g\000h\000i\036\307\000m}{chapter.5}% 49
\BOOKMARK [1][-]{section.5.5}{\376\377\000K\036\277\000t\000\040\000q\000u\036\243\000\040\000t\000h\036\361\000c\000\040\000n\000g\000h\000i\036\307\000m}{chapter.5}% 50
\BOOKMARK [1][-]{section.5.6}{\376\377\000P\000h\000\342\000n\000\040\000t\000\355\000c\000h\000\040\000k\036\277\000t\000\040\000q\000u\036\243}{chapter.5}% 51
\BOOKMARK [1][-]{section.5.7}{\376\377\001\020\000\341\000n\000h\000\040\000g\000i\000\341\000\040\001\260\000u\000\040\001\021\000i\036\303\000m\000\040\000v\000\340\000\040\000h\036\241\000n\000\040\000c\000h\036\277}{chapter.5}% 52
\BOOKMARK [0][-]{chapter*.13}{\376\377\000T\036\324\000N\000G\000\040\000K\036\276\000T}{}% 53
\BOOKMARK [0][-]{chapter*.14}{\376\377\000T\000\300\000I\000\040\000L\000I\036\306\000U\000\040\000T\000H\000A\000M\000\040\000K\000H\036\242\000O}{}% 54
\BOOKMARK [0][-]{appendix.A}{\376\377\000P\000h\036\345\000\040\000l\036\345\000c}{}% 55
\BOOKMARK [1][-]{section.A.1}{\376\377\000B\036\243\000n\000g\000\040\000t\000h\000i\036\277\000t\000\040\000b\036\313\000\040\000m\036\253\000u}{appendix.A}% 56
\BOOKMARK [1][-]{section.A.2}{\376\377\000M\000\343\000\040\000g\000i\036\243\000\040\000q\000u\000y\000\040\000t\000r\000\354\000n\000h\000\040\000d\036\361\000\040\000b\000\341\000o}{appendix.A}% 57
\BOOKMARK [1][-]{section.A.3}{\376\377\000M\036\253\000u\000\040\000l\000u\036\255\000t\000\040\000m\036\335}{appendix.A}% 58
